<?xml version="1.0" encoding="UTF-8"?>
<testng-results ignored="0" total="13" passed="11" failed="1" skipped="1">
  <reporter-output>
  </reporter-output>
  <suite started-at="2023-08-31T09:06:04 IST" name="TutorialsNinja AutomationSuite" finished-at="2023-08-31T09:06:55 IST" duration-ms="50735">
    <groups>
    </groups>
    <test started-at="2023-08-31T09:06:04 IST" name="TutorialsNinja Testcases" finished-at="2023-08-31T09:06:55 IST" duration-ms="50735">
      <class name="ty.com.TutorialsNinja.qa.testcases.LoginTest">
        <test-method is-config="true" signature="startUp()[pri:0, instance:ty.com.TutorialsNinja.qa.testcases.LoginTest@4ec4f3a0]" started-at="2023-08-31T09:06:25 IST" name="startUp" finished-at="2023-08-31T09:06:28 IST" duration-ms="3270" status="PASS">
          <reporter-output>
          </reporter-output>
        </test-method> <!-- startUp -->
        <test-method signature="verifyLoginWithValidCredentials(java.lang.String,java.lang.String)[pri:1, instance:ty.com.TutorialsNinja.qa.testcases.LoginTest@4ec4f3a0]" started-at="2023-08-31T09:06:28 IST" name="verifyLoginWithValidCredentials" data-provider="VerifyLoginWithValidCredentials" finished-at="2023-08-31T09:06:29 IST" duration-ms="772" status="PASS">
          <params>
            <param index="0">
              <value>
                <![CDATA[manojshettyn8@gmail.com]]>
              </value>
            </param>
            <param index="1">
              <value>
                <![CDATA[Manoj@2580]]>
              </value>
            </param>
          </params>
          <reporter-output>
          </reporter-output>
        </test-method> <!-- verifyLoginWithValidCredentials -->
        <test-method is-config="true" signature="tearDown()[pri:0, instance:ty.com.TutorialsNinja.qa.testcases.LoginTest@4ec4f3a0]" started-at="2023-08-31T09:06:29 IST" name="tearDown" finished-at="2023-08-31T09:06:29 IST" duration-ms="127" status="PASS">
          <reporter-output>
          </reporter-output>
        </test-method> <!-- tearDown -->
        <test-method is-config="true" signature="startUp()[pri:0, instance:ty.com.TutorialsNinja.qa.testcases.LoginTest@4ec4f3a0]" started-at="2023-08-31T09:06:29 IST" name="startUp" finished-at="2023-08-31T09:06:32 IST" duration-ms="3095" status="PASS">
          <reporter-output>
          </reporter-output>
        </test-method> <!-- startUp -->
        <test-method signature="verifyLoginWithValidCredentials(java.lang.String,java.lang.String)[pri:1, instance:ty.com.TutorialsNinja.qa.testcases.LoginTest@4ec4f3a0]" started-at="2023-08-31T09:06:32 IST" name="verifyLoginWithValidCredentials" data-provider="VerifyLoginWithValidCredentials" finished-at="2023-08-31T09:06:33 IST" duration-ms="794" status="PASS">
          <params>
            <param index="0">
              <value>
                <![CDATA[world@gmail.com]]>
              </value>
            </param>
            <param index="1">
              <value>
                <![CDATA[Manoj@2580]]>
              </value>
            </param>
          </params>
          <reporter-output>
          </reporter-output>
        </test-method> <!-- verifyLoginWithValidCredentials -->
        <test-method is-config="true" signature="tearDown()[pri:0, instance:ty.com.TutorialsNinja.qa.testcases.LoginTest@4ec4f3a0]" started-at="2023-08-31T09:06:33 IST" name="tearDown" finished-at="2023-08-31T09:06:33 IST" duration-ms="155" status="PASS">
          <reporter-output>
          </reporter-output>
        </test-method> <!-- tearDown -->
        <test-method is-config="true" signature="startUp()[pri:0, instance:ty.com.TutorialsNinja.qa.testcases.LoginTest@4ec4f3a0]" started-at="2023-08-31T09:06:33 IST" name="startUp" finished-at="2023-08-31T09:06:37 IST" duration-ms="3150" status="PASS">
          <reporter-output>
          </reporter-output>
        </test-method> <!-- startUp -->
        <test-method signature="verifyLoginWithiInValidCredentialsInvalidEmilInvalidPassword()[pri:2, instance:ty.com.TutorialsNinja.qa.testcases.LoginTest@4ec4f3a0]" started-at="2023-08-31T09:06:37 IST" name="verifyLoginWithiInValidCredentialsInvalidEmilInvalidPassword" finished-at="2023-08-31T09:06:37 IST" duration-ms="627" status="PASS">
          <reporter-output>
          </reporter-output>
        </test-method> <!-- verifyLoginWithiInValidCredentialsInvalidEmilInvalidPassword -->
        <test-method is-config="true" signature="tearDown()[pri:0, instance:ty.com.TutorialsNinja.qa.testcases.LoginTest@4ec4f3a0]" started-at="2023-08-31T09:06:37 IST" name="tearDown" finished-at="2023-08-31T09:06:37 IST" duration-ms="144" status="PASS">
          <reporter-output>
          </reporter-output>
        </test-method> <!-- tearDown -->
        <test-method is-config="true" signature="startUp()[pri:0, instance:ty.com.TutorialsNinja.qa.testcases.LoginTest@4ec4f3a0]" started-at="2023-08-31T09:06:37 IST" name="startUp" finished-at="2023-08-31T09:06:40 IST" duration-ms="2548" status="PASS">
          <reporter-output>
          </reporter-output>
        </test-method> <!-- startUp -->
        <test-method signature="verifyLoginWithInvalidEmilValidPassword()[pri:3, instance:ty.com.TutorialsNinja.qa.testcases.LoginTest@4ec4f3a0]" started-at="2023-08-31T09:06:40 IST" name="verifyLoginWithInvalidEmilValidPassword" finished-at="2023-08-31T09:06:41 IST" duration-ms="694" status="PASS">
          <reporter-output>
          </reporter-output>
        </test-method> <!-- verifyLoginWithInvalidEmilValidPassword -->
        <test-method is-config="true" signature="tearDown()[pri:0, instance:ty.com.TutorialsNinja.qa.testcases.LoginTest@4ec4f3a0]" started-at="2023-08-31T09:06:41 IST" name="tearDown" finished-at="2023-08-31T09:06:41 IST" duration-ms="126" status="PASS">
          <reporter-output>
          </reporter-output>
        </test-method> <!-- tearDown -->
        <test-method is-config="true" signature="startUp()[pri:0, instance:ty.com.TutorialsNinja.qa.testcases.LoginTest@4ec4f3a0]" started-at="2023-08-31T09:06:41 IST" name="startUp" finished-at="2023-08-31T09:06:43 IST" duration-ms="2662" status="PASS">
          <reporter-output>
          </reporter-output>
        </test-method> <!-- startUp -->
        <test-method signature="verifyLoginWithValidEmailAddressInvalidPassword()[pri:4, instance:ty.com.TutorialsNinja.qa.testcases.LoginTest@4ec4f3a0]" started-at="2023-08-31T09:06:43 IST" name="verifyLoginWithValidEmailAddressInvalidPassword" finished-at="2023-08-31T09:06:44 IST" duration-ms="633" status="PASS">
          <reporter-output>
          </reporter-output>
        </test-method> <!-- verifyLoginWithValidEmailAddressInvalidPassword -->
        <test-method is-config="true" signature="tearDown()[pri:0, instance:ty.com.TutorialsNinja.qa.testcases.LoginTest@4ec4f3a0]" started-at="2023-08-31T09:06:44 IST" name="tearDown" finished-at="2023-08-31T09:06:44 IST" duration-ms="158" status="PASS">
          <reporter-output>
          </reporter-output>
        </test-method> <!-- tearDown -->
        <test-method is-config="true" signature="startUp()[pri:0, instance:ty.com.TutorialsNinja.qa.testcases.LoginTest@4ec4f3a0]" started-at="2023-08-31T09:06:44 IST" name="startUp" finished-at="2023-08-31T09:06:47 IST" duration-ms="3343" status="PASS">
          <reporter-output>
          </reporter-output>
        </test-method> <!-- startUp -->
        <test-method signature="verifyLoginWithoutProvidingCredentials()[pri:5, instance:ty.com.TutorialsNinja.qa.testcases.LoginTest@4ec4f3a0]" started-at="2023-08-31T09:06:47 IST" name="verifyLoginWithoutProvidingCredentials" finished-at="2023-08-31T09:06:48 IST" duration-ms="362" status="PASS">
          <reporter-output>
          </reporter-output>
        </test-method> <!-- verifyLoginWithoutProvidingCredentials -->
        <test-method is-config="true" signature="tearDown()[pri:0, instance:ty.com.TutorialsNinja.qa.testcases.LoginTest@4ec4f3a0]" started-at="2023-08-31T09:06:48 IST" name="tearDown" finished-at="2023-08-31T09:06:48 IST" duration-ms="159" status="PASS">
          <reporter-output>
          </reporter-output>
        </test-method> <!-- tearDown -->
      </class> <!-- ty.com.TutorialsNinja.qa.testcases.LoginTest -->
      <class name="ty.com.TutorialsNinja.qa.testcases.RegisterTest">
        <test-method is-config="true" signature="startUp()[pri:0, instance:ty.com.TutorialsNinja.qa.testcases.RegisterTest@12468a38]" started-at="2023-08-31T09:06:04 IST" name="startUp" finished-at="2023-08-31T09:06:09 IST" duration-ms="4820" status="PASS">
          <reporter-output>
          </reporter-output>
        </test-method> <!-- startUp -->
        <test-method signature="validateRegisterAnAccountByMandatoryDetails()[pri:1, instance:ty.com.TutorialsNinja.qa.testcases.RegisterTest@12468a38]" started-at="2023-08-31T09:06:09 IST" name="validateRegisterAnAccountByMandatoryDetails" finished-at="2023-08-31T09:06:10 IST" duration-ms="1017" status="PASS">
          <reporter-output>
          </reporter-output>
        </test-method> <!-- validateRegisterAnAccountByMandatoryDetails -->
        <test-method is-config="true" signature="teardown()[pri:0, instance:ty.com.TutorialsNinja.qa.testcases.RegisterTest@12468a38]" started-at="2023-08-31T09:06:10 IST" name="teardown" finished-at="2023-08-31T09:06:10 IST" duration-ms="151" status="PASS">
          <reporter-output>
          </reporter-output>
        </test-method> <!-- teardown -->
        <test-method is-config="true" signature="startUp()[pri:0, instance:ty.com.TutorialsNinja.qa.testcases.RegisterTest@12468a38]" started-at="2023-08-31T09:06:10 IST" name="startUp" finished-at="2023-08-31T09:06:13 IST" duration-ms="3041" status="PASS">
          <reporter-output>
          </reporter-output>
        </test-method> <!-- startUp -->
        <test-method signature="verifyRegisteringAccountByprovidingAllFields()[pri:2, instance:ty.com.TutorialsNinja.qa.testcases.RegisterTest@12468a38]" started-at="2023-08-31T09:06:13 IST" name="verifyRegisteringAccountByprovidingAllFields" finished-at="2023-08-31T09:06:15 IST" duration-ms="1568" status="PASS">
          <reporter-output>
          </reporter-output>
        </test-method> <!-- verifyRegisteringAccountByprovidingAllFields -->
        <test-method is-config="true" signature="teardown()[pri:0, instance:ty.com.TutorialsNinja.qa.testcases.RegisterTest@12468a38]" started-at="2023-08-31T09:06:15 IST" name="teardown" finished-at="2023-08-31T09:06:15 IST" duration-ms="139" status="PASS">
          <reporter-output>
          </reporter-output>
        </test-method> <!-- teardown -->
        <test-method is-config="true" signature="startUp()[pri:0, instance:ty.com.TutorialsNinja.qa.testcases.RegisterTest@12468a38]" started-at="2023-08-31T09:06:15 IST" name="startUp" finished-at="2023-08-31T09:06:19 IST" duration-ms="3766" status="PASS">
          <reporter-output>
          </reporter-output>
        </test-method> <!-- startUp -->
        <test-method signature="verifyRegisteringAccountByExistingAccountDetails()[pri:3, instance:ty.com.TutorialsNinja.qa.testcases.RegisterTest@12468a38]" started-at="2023-08-31T09:06:19 IST" name="verifyRegisteringAccountByExistingAccountDetails" finished-at="2023-08-31T09:06:20 IST" duration-ms="1062" status="PASS">
          <reporter-output>
          </reporter-output>
        </test-method> <!-- verifyRegisteringAccountByExistingAccountDetails -->
        <test-method is-config="true" signature="teardown()[pri:0, instance:ty.com.TutorialsNinja.qa.testcases.RegisterTest@12468a38]" started-at="2023-08-31T09:06:20 IST" name="teardown" finished-at="2023-08-31T09:06:20 IST" duration-ms="186" status="PASS">
          <reporter-output>
          </reporter-output>
        </test-method> <!-- teardown -->
        <test-method is-config="true" signature="startUp()[pri:0, instance:ty.com.TutorialsNinja.qa.testcases.RegisterTest@12468a38]" started-at="2023-08-31T09:06:20 IST" name="startUp" finished-at="2023-08-31T09:06:23 IST" duration-ms="3504" status="PASS">
          <reporter-output>
          </reporter-output>
        </test-method> <!-- startUp -->
        <test-method signature="verifyNotificationMessagesDisplayedForMandatoryFieldsDonProvideAnyFieldsInRegisterPageSubmit()[pri:4, instance:ty.com.TutorialsNinja.qa.testcases.RegisterTest@12468a38]" started-at="2023-08-31T09:06:23 IST" name="verifyNotificationMessagesDisplayedForMandatoryFieldsDonProvideAnyFieldsInRegisterPageSubmit" finished-at="2023-08-31T09:06:24 IST" duration-ms="649" status="PASS">
          <reporter-output>
          </reporter-output>
        </test-method> <!-- verifyNotificationMessagesDisplayedForMandatoryFieldsDonProvideAnyFieldsInRegisterPageSubmit -->
        <test-method is-config="true" signature="teardown()[pri:0, instance:ty.com.TutorialsNinja.qa.testcases.RegisterTest@12468a38]" started-at="2023-08-31T09:06:24 IST" name="teardown" finished-at="2023-08-31T09:06:24 IST" duration-ms="182" status="PASS">
          <reporter-output>
          </reporter-output>
        </test-method> <!-- teardown -->
      </class> <!-- ty.com.TutorialsNinja.qa.testcases.RegisterTest -->
      <class name="ty.com.TutorialsNinja.qa.testcases.SearchTest">
        <test-method is-config="true" signature="startUp()[pri:0, instance:ty.com.TutorialsNinja.qa.testcases.SearchTest@9597028]" started-at="2023-08-31T09:06:48 IST" name="startUp" finished-at="2023-08-31T09:06:51 IST" duration-ms="2962" status="PASS">
          <reporter-output>
          </reporter-output>
        </test-method> <!-- startUp -->
        <test-method signature="verifySearchingWithExistingProduct()[pri:1, instance:ty.com.TutorialsNinja.qa.testcases.SearchTest@9597028]" started-at="2023-08-31T09:06:51 IST" name="verifySearchingWithExistingProduct" finished-at="2023-08-31T09:06:51 IST" duration-ms="368" status="PASS">
          <reporter-output>
          </reporter-output>
        </test-method> <!-- verifySearchingWithExistingProduct -->
        <test-method is-config="true" signature="tearDown()[pri:0, instance:ty.com.TutorialsNinja.qa.testcases.SearchTest@9597028]" started-at="2023-08-31T09:06:51 IST" name="tearDown" finished-at="2023-08-31T09:06:51 IST" duration-ms="107" status="PASS">
          <reporter-output>
          </reporter-output>
        </test-method> <!-- tearDown -->
        <test-method is-config="true" signature="startUp()[pri:0, instance:ty.com.TutorialsNinja.qa.testcases.SearchTest@9597028]" started-at="2023-08-31T09:06:51 IST" name="startUp" finished-at="2023-08-31T09:06:54 IST" duration-ms="2521" status="PASS">
          <reporter-output>
          </reporter-output>
        </test-method> <!-- startUp -->
        <test-method signature="verifySearchingWithNonExistingProduct()[pri:2, instance:ty.com.TutorialsNinja.qa.testcases.SearchTest@9597028]" started-at="2023-08-31T09:06:54 IST" name="verifySearchingWithNonExistingProduct" finished-at="2023-08-31T09:06:54 IST" duration-ms="437" status="FAIL">
          <exception class="java.lang.AssertionError">
            <message>
              <![CDATA[Message: There is no product that matches the search criteria. is not displayed expected [jackie] but found [There is no product that matches the search criteria.]]]>
            </message>
            <full-stacktrace>
              <![CDATA[java.lang.AssertionError: Message: There is no product that matches the search criteria. is not displayed expected [jackie] but found [There is no product that matches the search criteria.]
at org.testng.Assert.fail(Assert.java:110)
at org.testng.Assert.failNotEquals(Assert.java:1413)
at org.testng.Assert.assertEqualsImpl(Assert.java:149)
at org.testng.Assert.assertEquals(Assert.java:131)
at org.testng.Assert.assertEquals(Assert.java:655)
at ty.com.TutorialsNinja.qa.testcases.SearchTest.verifySearchingWithNonExistingProduct(SearchTest.java:45)
at java.base/jdk.internal.reflect.DirectMethodHandleAccessor.invoke(DirectMethodHandleAccessor.java:104)
at java.base/java.lang.reflect.Method.invoke(Method.java:578)
at org.testng.internal.invokers.MethodInvocationHelper.invokeMethod(MethodInvocationHelper.java:139)
at org.testng.internal.invokers.TestInvoker.invokeMethod(TestInvoker.java:677)
at org.testng.internal.invokers.TestInvoker.invokeTestMethod(TestInvoker.java:221)
at org.testng.internal.invokers.MethodRunner.runInSequence(MethodRunner.java:50)
at org.testng.internal.invokers.TestInvoker$MethodInvocationAgent.invoke(TestInvoker.java:962)
at org.testng.internal.invokers.TestInvoker.invokeTestMethods(TestInvoker.java:194)
at org.testng.internal.invokers.TestMethodWorker.invokeTestMethods(TestMethodWorker.java:148)
at org.testng.internal.invokers.TestMethodWorker.run(TestMethodWorker.java:128)
at java.base/java.util.ArrayList.forEach(ArrayList.java:1511)
at org.testng.TestRunner.privateRun(TestRunner.java:806)
at org.testng.TestRunner.run(TestRunner.java:601)
at org.testng.SuiteRunner.runTest(SuiteRunner.java:433)
at org.testng.SuiteRunner.runSequentially(SuiteRunner.java:427)
at org.testng.SuiteRunner.privateRun(SuiteRunner.java:387)
at org.testng.SuiteRunner.run(SuiteRunner.java:330)
at org.testng.SuiteRunnerWorker.runSuite(SuiteRunnerWorker.java:52)
at org.testng.SuiteRunnerWorker.run(SuiteRunnerWorker.java:95)
at org.testng.TestNG.runSuitesSequentially(TestNG.java:1256)
at org.testng.TestNG.runSuitesLocally(TestNG.java:1176)
at org.testng.TestNG.runSuites(TestNG.java:1099)
at org.testng.TestNG.run(TestNG.java:1067)
at org.apache.maven.surefire.testng.TestNGExecutor.run(TestNGExecutor.java:308)
at org.apache.maven.surefire.testng.TestNGXmlTestSuite.execute(TestNGXmlTestSuite.java:71)
at org.apache.maven.surefire.testng.TestNGProvider.invoke(TestNGProvider.java:113)
at org.apache.maven.surefire.booter.ForkedBooter.runSuitesInProcess(ForkedBooter.java:385)
at org.apache.maven.surefire.booter.ForkedBooter.execute(ForkedBooter.java:162)
at org.apache.maven.surefire.booter.ForkedBooter.run(ForkedBooter.java:507)
at org.apache.maven.surefire.booter.ForkedBooter.main(ForkedBooter.java:495)
]]>
            </full-stacktrace>
          </exception> <!-- java.lang.AssertionError -->
          <reporter-output>
          </reporter-output>
        </test-method> <!-- verifySearchingWithNonExistingProduct -->
        <test-method is-config="true" signature="tearDown()[pri:0, instance:ty.com.TutorialsNinja.qa.testcases.SearchTest@9597028]" started-at="2023-08-31T09:06:55 IST" name="tearDown" finished-at="2023-08-31T09:06:55 IST" duration-ms="125" status="PASS">
          <reporter-output>
          </reporter-output>
        </test-method> <!-- tearDown -->
        <test-method signature="verifySearchingWithoutProvidingAnyProductName()[pri:3, instance:ty.com.TutorialsNinja.qa.testcases.SearchTest@9597028]" started-at="2023-08-31T09:06:55 IST" name="verifySearchingWithoutProvidingAnyProductName" finished-at="2023-08-31T09:06:55 IST" depends-on-methods="ty.com.TutorialsNinja.qa.testcases.SearchTest.verifySearchingWithExistingProduct, ty.com.TutorialsNinja.qa.testcases.SearchTest.verifySearchingWithNonExistingProduct" duration-ms="0" status="SKIP">
          <exception class="java.lang.Throwable">
            <message>
              <![CDATA[Method ty.com.TutorialsNinja.qa.testcases.SearchTest.verifySearchingWithoutProvidingAnyProductName() on instance ty.com.TutorialsNinja.qa.testcases.SearchTest@9597028 depends on not successfully finished methods 
[ty.com.TutorialsNinja.qa.testcases.SearchTest.verifySearchingWithExistingProduct() on instance ty.com.TutorialsNinja.qa.testcases.SearchTest@9597028
ty.com.TutorialsNinja.qa.testcases.SearchTest.verifySearchingWithNonExistingProduct() on instance ty.com.TutorialsNinja.qa.testcases.SearchTest@9597028]]]>
            </message>
            <full-stacktrace>
              <![CDATA[java.lang.Throwable: Method ty.com.TutorialsNinja.qa.testcases.SearchTest.verifySearchingWithoutProvidingAnyProductName() on instance ty.com.TutorialsNinja.qa.testcases.SearchTest@9597028 depends on not successfully finished methods 
[ty.com.TutorialsNinja.qa.testcases.SearchTest.verifySearchingWithExistingProduct() on instance ty.com.TutorialsNinja.qa.testcases.SearchTest@9597028
ty.com.TutorialsNinja.qa.testcases.SearchTest.verifySearchingWithNonExistingProduct() on instance ty.com.TutorialsNinja.qa.testcases.SearchTest@9597028]
at org.testng.internal.invokers.TestInvoker.invokeTestMethods(TestInvoker.java:150)
at org.testng.internal.invokers.TestMethodWorker.invokeTestMethods(TestMethodWorker.java:148)
at org.testng.internal.invokers.TestMethodWorker.run(TestMethodWorker.java:128)
at java.base/java.util.ArrayList.forEach(ArrayList.java:1511)
at org.testng.TestRunner.privateRun(TestRunner.java:806)
at org.testng.TestRunner.run(TestRunner.java:601)
at org.testng.SuiteRunner.runTest(SuiteRunner.java:433)
at org.testng.SuiteRunner.runSequentially(SuiteRunner.java:427)
at org.testng.SuiteRunner.privateRun(SuiteRunner.java:387)
at org.testng.SuiteRunner.run(SuiteRunner.java:330)
at org.testng.SuiteRunnerWorker.runSuite(SuiteRunnerWorker.java:52)
at org.testng.SuiteRunnerWorker.run(SuiteRunnerWorker.java:95)
at org.testng.TestNG.runSuitesSequentially(TestNG.java:1256)
at org.testng.TestNG.runSuitesLocally(TestNG.java:1176)
at org.testng.TestNG.runSuites(TestNG.java:1099)
at org.testng.TestNG.run(TestNG.java:1067)
at org.apache.maven.surefire.testng.TestNGExecutor.run(TestNGExecutor.java:308)
at org.apache.maven.surefire.testng.TestNGXmlTestSuite.execute(TestNGXmlTestSuite.java:71)
at org.apache.maven.surefire.testng.TestNGProvider.invoke(TestNGProvider.java:113)
at org.apache.maven.surefire.booter.ForkedBooter.runSuitesInProcess(ForkedBooter.java:385)
at org.apache.maven.surefire.booter.ForkedBooter.execute(ForkedBooter.java:162)
at org.apache.maven.surefire.booter.ForkedBooter.run(ForkedBooter.java:507)
at org.apache.maven.surefire.booter.ForkedBooter.main(ForkedBooter.java:495)
]]>
            </full-stacktrace>
          </exception> <!-- java.lang.Throwable -->
          <reporter-output>
          </reporter-output>
        </test-method> <!-- verifySearchingWithoutProvidingAnyProductName -->
      </class> <!-- ty.com.TutorialsNinja.qa.testcases.SearchTest -->
    </test> <!-- TutorialsNinja Testcases -->
  </suite> <!-- TutorialsNinja AutomationSuite -->
</testng-results>
